<?xml version="1.0" encoding="UTF-8"?>
<testng-results skipped="0" failed="0" total="1" passed="1">
  <reporter-output>
  </reporter-output>
  <suite name="Suite" duration-ms="12849" started-at="2018-02-04T17:42:41Z" finished-at="2018-02-04T17:42:54Z">
    <groups>
    </groups>
    <test name="Test" duration-ms="12849" started-at="2018-02-04T17:42:41Z" finished-at="2018-02-04T17:42:54Z">
      <class name="com.sfc.dev.tests.LoginPageTest">
        <test-method status="PASS" signature="Setup()[pri:0, instance:com.sfc.dev.tests.LoginPageTest@4b9e13df]" name="Setup" is-config="true" duration-ms="12758" started-at="2018-02-04T12:42:41Z" finished-at="2018-02-04T12:42:54Z">
          <reporter-output>
          </reporter-output>
        </test-method> <!-- Setup -->
        <test-method status="PASS" signature="loginpageTitleTest()[pri:0, instance:com.sfc.dev.tests.LoginPageTest@4b9e13df]" name="loginpageTitleTest" duration-ms="58" started-at="2018-02-04T12:42:54Z" finished-at="2018-02-04T12:42:54Z">
          <reporter-output>
          </reporter-output>
        </test-method> <!-- loginpageTitleTest -->
        <test-method status="PASS" signature="teardown()[pri:0, instance:com.sfc.dev.tests.LoginPageTest@4b9e13df]" name="teardown" is-config="true" duration-ms="1" started-at="2018-02-04T12:42:54Z" finished-at="2018-02-04T12:42:54Z">
          <reporter-output>
          </reporter-output>
        </test-method> <!-- teardown -->
      </class> <!-- com.sfc.dev.tests.LoginPageTest -->
    </test> <!-- Test -->
  </suite> <!-- Suite -->
</testng-results>
